TN:
SF:src/lib.rs
FN:3,_ZN14multiple_files5hello17h595db32e89f31ba9E
FN:9,_ZN14multiple_files4test17h811679a42dbaa906E
FN:9,_ZN14multiple_files4test28_$u7b$$u7b$closure$u7d$$u7d$17h233dbe6f80866f06E
FN:3,_ZN14multiple_files5hello17hd1ddd26e889a72e6E
FNDA:0,_ZN14multiple_files5hello17h595db32e89f31ba9E
FNDA:1,_ZN14multiple_files4test17h811679a42dbaa906E
FNDA:1,_ZN14multiple_files4test28_$u7b$$u7b$closure$u7d$$u7d$17h233dbe6f80866f06E
FNDA:1,_ZN14multiple_files5hello17hd1ddd26e889a72e6E
FNF:4
FNH:3
BRF:0
BRH:0
DA:3,1
DA:4,1
DA:5,1
DA:6,1
DA:9,2
DA:10,1
DA:11,2
LF:7
LH:7
end_of_record
SF:src/invalid.rs
BRF:0
BRH:0
DA:1,1
LF:1
LH:1
end_of_record
