<?xml version="1.0" ?>
<!DOCTYPE coverage SYSTEM 'http://cobertura.sourceforge.net/xml/coverage-03.dtd'>
<coverage line-rate="0.000" version="1.9" timestamp="1576126001">
	<sources>
    <source>src/</source>
	</sources>
	<packages>
		<package name="" line-rate="0.000" branch-rate="1.0" complexity="1.0">
			<classes>
				<class name="lib_rs" filename="lib.rs" line-rate="0.000">
<lines>
<line number="42" hits="0"/>
<line number="43" hits="0"/>
<line number="44" hits="0"/>
<line number="45" hits="0"/>
<line number="47" hits="0"/>
<line number="49" hits="0"/>
<line number="50" hits="0"/>
<line number="52" hits="0"/>
<line number="53" hits="0"/>
<line number="54" hits="0"/>
<line number="56" hits="0"/>
<line number="57" hits="0"/>
<line number="59" hits="0"/>
<line number="60" hits="0"/>
<line number="62" hits="0"/>
<line number="63" hits="0"/>
<line number="67" hits="0"/>
<line number="68" hits="0"/>
<line number="69" hits="0"/>
<line number="70" hits="0"/>
<line number="71" hits="0"/>
<line number="73" hits="0"/>
<line number="74" hits="0"/>
<line number="75" hits="0"/>
<line number="76" hits="0"/>
<line number="78" hits="0"/>
<line number="79" hits="0"/>
<line number="80" hits="0"/>
<line number="81" hits="0"/>
<line number="84" hits="0"/>
<line number="87" hits="0"/>
<line number="88" hits="0"/>
<line number="91" hits="0"/>
<line number="93" hits="0"/>
<line number="97" hits="0"/>
<line number="99" hits="0"/>
<line number="100" hits="0"/>
<line number="101" hits="0"/>
<line number="104" hits="0"/>
<line number="105" hits="0"/>
<line number="106" hits="0"/>
</lines>
</class>
			</classes>
		</package>
	</packages>
</coverage>
