TN:
SF:src/main.rs
FN:5,_ZN10guess_game4main17h86dab3eb06e54437E
FNDA:1,_ZN10guess_game4main17h86dab3eb06e54437E
FNF:1
FNH:1
BRDA:0,0,0,-
BRDA:0,0,1,1
BRDA:0,0,2,-
BRDA:0,0,3,-
BRDA:0,0,4,1
BRDA:0,0,5,-
BRDA:0,0,6,-
BRDA:0,0,7,-
BRDA:0,0,8,-
BRDA:0,0,9,1
BRDA:0,0,10,1
BRDA:0,0,11,1
BRDA:0,0,12,1
BRDA:19,0,0,-
BRDA:19,0,1,1
BRDA:19,0,2,-
BRDA:26,0,0,1
BRDA:26,0,1,-
BRDA:26,0,2,1
BRDA:26,0,3,1
BRF:3
BRH:10
DA:5,1
DA:6,1
DA:8,1
DA:10,7
DA:11,7
DA:13,7
DA:15,14
DA:16,7
DA:18,7
DA:19,7
DA:20,0
DA:23,7
DA:25,13
DA:26,7
DA:27,4
DA:29,1
DA:33,7
DA:34,1
LF:18
LH:17
end_of_record
