TN:
SF:src/main.rs
FN:5,_ZN10guess_game4main17hfd54f99fcf2d0325E
FN:5,_ZN10guess_game4main17h39cf016a77b50258E
FNDA:0,_ZN10guess_game4main17hfd54f99fcf2d0325E
FNDA:0,_ZN10guess_game4main17h39cf016a77b50258E
FNF:2
FNH:0
BRDA:0,0,0,-
BRDA:0,0,1,-
BRDA:0,0,2,-
BRDA:0,0,3,-
BRDA:0,0,4,-
BRDA:0,0,5,-
BRDA:0,0,6,-
BRDA:0,0,7,-
BRDA:0,0,8,-
BRDA:0,0,9,-
BRDA:0,0,10,-
BRDA:0,0,11,-
BRDA:0,0,12,-
BRDA:19,0,0,-
BRDA:19,0,1,-
BRDA:19,0,2,-
BRDA:26,0,0,-
BRDA:26,0,1,-
BRDA:26,0,2,-
BRDA:26,0,3,-
BRF:3
BRH:0
DA:5,0
DA:6,0
DA:8,0
DA:10,0
DA:11,0
DA:13,0
DA:15,0
DA:16,0
DA:18,0
DA:19,0
DA:20,0
DA:23,0
DA:25,0
DA:26,0
DA:27,0
DA:29,0
DA:33,0
DA:34,0
LF:18
LH:0
end_of_record
